{
  "stats": {
    "suites": 1,
    "tests": 1,
    "passes": 0,
    "pending": 0,
    "failures": 1,
    "start": "2022-01-28T04:04:27.900Z",
    "end": "2022-01-28T04:04:37.097Z",
    "duration": 9101,
    "testsRegistered": 1,
    "passPercent": 0,
    "pendingPercent": 0,
    "other": 0,
    "hasOther": false,
    "skipped": 0,
    "hasSkipped": false
  },
  "results": [
    {
      "uuid": "a33d6ff2-b72e-492e-a8df-d247e4d3f592",
      "title": "",
      "fullFile": "cypress/integration/1-getting-started/test01.js",
      "file": "cypress/integration/1-getting-started/test01.js",
      "beforeHooks": [],
      "afterHooks": [],
      "tests": [],
      "suites": [
        {
          "uuid": "fcc489ba-3b5b-4347-85cf-18b8d068644f",
          "title": "My First TestSuite",
          "fullFile": "",
          "file": "",
          "beforeHooks": [],
          "afterHooks": [],
          "tests": [
            {
              "title": "Login Test",
              "fullTitle": "My First TestSuite Login Test",
              "timedOut": null,
              "duration": 9101,
              "state": "failed",
              "speed": null,
              "pass": false,
              "fail": true,
              "pending": false,
              "context": "[\n  {\n    \"title\": \"cypress-mochawesome-reporter-screenshots\",\n    \"value\": [\n      [\n        {\n          \"title\": \"Failed screenshot\",\n          \"value\": \"\\\\1-getting-started\\\\test01.js\\\\My First TestSuite -- Login Test (failed).png\"\n        }\n      ]\n    ]\n  },\n  \"assets/1-getting-started/test01.js/My First TestSuite -- Login Test (failed).png\"\n]",
              "code": "//Arrange\ncy.visit(\"https://react-redux.realworld.io/#/login?_k=g43dop\"); //Act\ncy.fixture(\"logindetails.json\").then(user => {\n  cy.get('input[type=\"email\"]').type(user.email);\n  cy.get('input[type=\"password\"]').type(user.password);\n});\ncy.get('button[type=\"submit\"]').click(); //Assert\ncy.contains(\"No articles are here... yet.\").should(\"be.visible\");",
              "err": {
                "message": "AssertionError: Timed out retrying after 4000ms: Expected to find content: 'No articles are here... yet.' but never did.",
                "estack": "AssertionError: Timed out retrying after 4000ms: Expected to find content: 'No articles are here... yet.' but never did.\n    at Context.eval (https://react-redux.realworld.io/__cypress/tests?p=cypress\\integration\\1-getting-started\\test01.js:125:49)",
                "diff": null
              },
              "uuid": "5a0069cc-31b8-455b-af37-7c6d63099056",
              "parentUUID": "fcc489ba-3b5b-4347-85cf-18b8d068644f",
              "isHook": false,
              "skipped": false
            }
          ],
          "suites": [],
          "passes": [],
          "failures": [
            "5a0069cc-31b8-455b-af37-7c6d63099056"
          ],
          "pending": [],
          "skipped": [],
          "duration": 9101,
          "root": false,
          "rootEmpty": false,
          "_timeout": 2000
        }
      ],
      "passes": [],
      "failures": [],
      "pending": [],
      "skipped": [],
      "duration": 0,
      "root": true,
      "rootEmpty": true,
      "_timeout": 2000
    }
  ],
  "meta": {
    "mocha": {
      "version": "7.0.1"
    },
    "mochawesome": {
      "options": {
        "quiet": false,
        "reportFilename": "mochawesome",
        "saveHtml": false,
        "saveJson": true,
        "consoleReporter": "spec",
        "useInlineDiffs": false,
        "code": true
      },
      "version": "6.3.1"
    },
    "marge": {
      "options": {
        "id": "default",
        "reportDir": "cypress/reports/mocha",
        "quite": true,
        "overwrite": false,
        "html": false,
        "json": true
      },
      "version": "5.2.0"
    }
  }
}